Arguments: 
  /usr/local/bin/node /usr/local/bin/yarn add gh-pages

PATH: 
  /usr/local/bin:/usr/bin:/bin:/usr/sbin:/sbin:/Library/Apple/usr/bin:/Users/kainy/Library/Android/sdk/emulator:/Users/kainy/Library/Android/sdk/tools:/Users/kainy/Library/Android/sdk/tools/bin:/Users/kainy/Library/Android/sdk/platform-tools:/Users/kainy/Library/Android/sdk/emulator:/Users/kainy/Library/Android/sdk/tools:/Users/kainy/Library/Android/sdk/tools/bin:/Users/kainy/Library/Android/sdk/platform-tools

Yarn version: 
  1.22.4

Node version: 
  12.18.1

Platform: 
  darwin x64

Trace: 
  Error: EACCES: permission denied, rmdir '/Users/kainy/Documents/GitHub/portfolio/node_modules/gh-pages/.cache/github.com!KainyRyu!portfolio.git'

npm manifest: 
  {
    "homepage": "https://kainyryu.github.io/portfolio/",
    "name": "portfolio",
    "version": "0.1.0",
    "private": true,
    "dependencies": {
      "@testing-library/jest-dom": "^4.2.4",
      "@testing-library/react": "^9.4.0",
      "@testing-library/user-event": "^7.2.1",
      "express": "^4.17.1",
      "nodemon": "^2.0.2",
      "react": "^16.12.0",
      "react-dom": "^16.12.0",
      "react-scripts": "3.3.0"
    },
    "scripts": {
      "predeploy": "npm run build",
      "deploy": "gh-pages -b master -d build",
      "start": "react-scripts start",
      "build": "react-scripts build",
      "test": "react-scripts test",
      "eject": "react-scripts eject"
    },
    "eslintConfig": {
      "extends": "react-app"
    },
    "browserslist": {
      "production": [
        ">0.2%",
        "not dead",
        "not op_mini all"
      ],
      "development": [
        "last 1 chrome version",
        "last 1 firefox version",
        "last 1 safari version"
      ]
    },
    "devDependencies": {
      "gh-pages": "^2.2.0"
    }
  }

yarn manifest: 
  No manifest

Lockfile: 
  No lockfile
